<?xml version="1.0" encoding="UTF-8"?>
<testng-results skipped="0" failed="0" ignored="0" total="1" passed="1">
  <reporter-output>
  </reporter-output>
  <suite name="Suite" duration-ms="91673" started-at="2021-05-27T11:45:47 EDT" finished-at="2021-05-27T11:47:19 EDT">
    <groups>
    </groups>
    <test name="Test" duration-ms="91673" started-at="2021-05-27T11:45:47 EDT" finished-at="2021-05-27T11:47:19 EDT">
      <class name="homeDepMentoring.HdepoCreate">
        <test-method status="PASS" signature="beforeTest()[pri:0, instance:homeDepMentoring.HdepoCreate@694e1548]" name="beforeTest" is-config="true" duration-ms="58963" started-at="2021-05-27T11:45:47 EDT" finished-at="2021-05-27T11:46:46 EDT">
          <reporter-output>
          </reporter-output>
        </test-method> <!-- beforeTest -->
        <test-method status="PASS" signature="f()[pri:0, instance:homeDepMentoring.HdepoCreate@694e1548]" name="f" duration-ms="32637" started-at="2021-05-27T11:46:46 EDT" finished-at="2021-05-27T11:47:19 EDT">
          <reporter-output>
          </reporter-output>
        </test-method> <!-- f -->
        <test-method status="PASS" signature="afterTest()[pri:0, instance:homeDepMentoring.HdepoCreate@694e1548]" name="afterTest" is-config="true" duration-ms="0" started-at="2021-05-27T11:47:19 EDT" finished-at="2021-05-27T11:47:19 EDT">
          <reporter-output>
          </reporter-output>
        </test-method> <!-- afterTest -->
      </class> <!-- homeDepMentoring.HdepoCreate -->
    </test> <!-- Test -->
  </suite> <!-- Suite -->
</testng-results>
